[main] INFO  utility.RestAssuredFWLogger  - *********************
[main] INFO  utility.RestAssuredFWLogger  - *****************
[main] INFO  utility.RestAssuredFWLogger  - $$$$$$$$$$ Resttest01 $$$$$$$$$$$$$$
[main] INFO  utility.RestAssuredFWLogger  - Aditya
[main] INFO  utility.RestAssuredFWLogger  - KGkgkj
[main] INFO  utility.RestAssuredFWLogger  - jhfjhfjfjf
[main] INFO  utility.RestAssuredFWLogger  - jfjgfjk
[main] INFO  utility.RestAssuredFWLogger  - ***************************
[main] INFO  utility.RestAssuredFWLogger  - *************************
[main] INFO  utility.RestAssuredFWLogger  - $$$$$$$$$$$$$$$$$$$$$$$Rest02$$$$$$$$$$$$$$$
[main] INFO  utility.RestAssuredFWLogger  - *********************
[main] INFO  utility.RestAssuredFWLogger  - *****************
[main] INFO  utility.RestAssuredFWLogger  - $$$$$$$$$$ Resttest01 $$$$$$$$$$$$$$
[main] INFO  utility.RestAssuredFWLogger  - Aditya
[main] INFO  utility.RestAssuredFWLogger  - KGkgkj
[main] INFO  utility.RestAssuredFWLogger  - jhfjhfjfjf
[main] INFO  utility.RestAssuredFWLogger  - jfjgfjk
[main] INFO  utility.RestAssuredFWLogger  - ***************************
[main] INFO  utility.RestAssuredFWLogger  - *************************
[main] INFO  utility.RestAssuredFWLogger  - $$$$$$$$$$$$$$$$$$$$$$$Rest02$$$$$$$$$$$$$$$
